<html xmlns:string="xalan://java.lang.String" xmlns:lxslt="http://xml.apache.org/xslt">
<head>
<META http-equiv="Content-Type" content="text/html; charset=UTF-8">
<title>Unit Test Results: CQGenerated.CQTestSuite</title>
<link rel="stylesheet" type="text/css" title="Style" href="../stylesheet.css">
<script type="text/javascript" language="JavaScript">
        var TestCases = new Array();
        var cur;
        
    cur = TestCases['CQGenerated.CQTestSuite'] = new Array();
    
        cur['ant.core.lib'] = 'E:\\Vijaya-Softwares\\apache-ant-1.10.5-bin\\apache-ant-1.10.5\\lib\\ant.jar';
    
        cur['ant.file'] = 'C:\\Users\\Vijaya\\Documents\\GitHub\\ParabankbankJunit\\src\\Copyofbuild.xml';
    
        cur['ant.file.ParabankJunit'] = 'C:\\Users\\Vijaya\\Documents\\GitHub\\ParabankbankJunit\\src\\Copyofbuild.xml';
    
        cur['ant.file.type'] = 'file';
    
        cur['ant.file.type.ParabankJunit'] = 'file';
    
        cur['ant.home'] = 'E:\\Vijaya-Softwares\\apache-ant-1.10.5-bin\\apache-ant-1.10.5';
    
        cur['ant.java.version'] = '1.8';
    
        cur['ant.library.dir'] = 'E:\\Vijaya-Softwares\\apache-ant-1.10.5-bin\\apache-ant-1.10.5\\lib';
    
        cur['ant.project.invoked-targets'] = 'run-single-test';
    
        cur['ant.project.name'] = 'ParabankJunit';
    
        cur['ant.version'] = 'Apache Ant(TM) version 1.10.5 compiled on July 10 2018';
    
        cur['awt.toolkit'] = 'sun.awt.windows.WToolkit';
    
        cur['basedir'] = 'C:\\Users\\Vijaya\\Documents\\GitHub\\ParabankbankJunit\\src';
    
        cur['BIN'] = '../bin1';
    
        cur['file.encoding'] = 'Cp1252';
    
        cur['file.encoding.pkg'] = 'sun.io';
    
        cur['file.separator'] = '\\';
    
        cur['java.awt.graphicsenv'] = 'sun.awt.Win32GraphicsEnvironment';
    
        cur['java.awt.printerjob'] = 'sun.awt.windows.WPrinterJob';
    
        cur['java.class.path'] = 'E:\\Vijaya-Softwares\\apache-ant-1.10.5-bin\\apache-ant-1.10.5\\lib\\ant-launcher.jar;E:\\Vijaya-Softwares\\apache-ant-1.10.5-bin\\apache-ant-1.10.5\\lib\\ant-antlr.jar;E:\\Vijaya-Softwares\\apache-ant-1.10.5-bin\\apache-ant-1.10.5\\lib\\ant-apache-bcel.jar;E:\\Vijaya-Softwares\\apache-ant-1.10.5-bin\\apache-ant-1.10.5\\lib\\ant-apache-bsf.jar;E:\\Vijaya-Softwares\\apache-ant-1.10.5-bin\\apache-ant-1.10.5\\lib\\ant-apache-log4j.jar;E:\\Vijaya-Softwares\\apache-ant-1.10.5-bin\\apache-ant-1.10.5\\lib\\ant-apache-oro.jar;E:\\Vijaya-Softwares\\apache-ant-1.10.5-bin\\apache-ant-1.10.5\\lib\\ant-apache-regexp.jar;E:\\Vijaya-Softwares\\apache-ant-1.10.5-bin\\apache-ant-1.10.5\\lib\\ant-apache-resolver.jar;E:\\Vijaya-Softwares\\apache-ant-1.10.5-bin\\apache-ant-1.10.5\\lib\\ant-apache-xalan2.jar;E:\\Vijaya-Softwares\\apache-ant-1.10.5-bin\\apache-ant-1.10.5\\lib\\ant-commons-logging.jar;E:\\Vijaya-Softwares\\apache-ant-1.10.5-bin\\apache-ant-1.10.5\\lib\\ant-commons-net.jar;E:\\Vijaya-Softwares\\apache-ant-1.10.5-bin\\apache-ant-1.10.5\\lib\\ant-jai.jar;E:\\Vijaya-Softwares\\apache-ant-1.10.5-bin\\apache-ant-1.10.5\\lib\\ant-javamail.jar;E:\\Vijaya-Softwares\\apache-ant-1.10.5-bin\\apache-ant-1.10.5\\lib\\ant-jdepend.jar;E:\\Vijaya-Softwares\\apache-ant-1.10.5-bin\\apache-ant-1.10.5\\lib\\ant-jmf.jar;E:\\Vijaya-Softwares\\apache-ant-1.10.5-bin\\apache-ant-1.10.5\\lib\\ant-jsch.jar;E:\\Vijaya-Softwares\\apache-ant-1.10.5-bin\\apache-ant-1.10.5\\lib\\ant-junit.jar;E:\\Vijaya-Softwares\\apache-ant-1.10.5-bin\\apache-ant-1.10.5\\lib\\ant-junit4.jar;E:\\Vijaya-Softwares\\apache-ant-1.10.5-bin\\apache-ant-1.10.5\\lib\\ant-junitlauncher.jar;E:\\Vijaya-Softwares\\apache-ant-1.10.5-bin\\apache-ant-1.10.5\\lib\\ant-launcher.jar;E:\\Vijaya-Softwares\\apache-ant-1.10.5-bin\\apache-ant-1.10.5\\lib\\ant-netrexx.jar;E:\\Vijaya-Softwares\\apache-ant-1.10.5-bin\\apache-ant-1.10.5\\lib\\ant-swing.jar;E:\\Vijaya-Softwares\\apache-ant-1.10.5-bin\\apache-ant-1.10.5\\lib\\ant-testutil.jar;E:\\Vijaya-Softwares\\apache-ant-1.10.5-bin\\apache-ant-1.10.5\\lib\\ant-xz.jar;E:\\Vijaya-Softwares\\apache-ant-1.10.5-bin\\apache-ant-1.10.5\\lib\\ant.jar;C:\\Program Files (x86)\\Java\\jdk1.8.0_65\\lib\\tools.jar';
    
        cur['java.class.version'] = '52.0';
    
        cur['java.endorsed.dirs'] = 'C:\\Program Files (x86)\\Java\\jdk1.8.0_65\\jre\\lib\\endorsed';
    
        cur['java.ext.dirs'] = 'C:\\Program Files (x86)\\Java\\jdk1.8.0_65\\jre\\lib\\ext;C:\\Windows\\Sun\\Java\\lib\\ext';
    
        cur['java.home'] = 'C:\\Program Files (x86)\\Java\\jdk1.8.0_65\\jre';
    
        cur['java.io.tmpdir'] = 'C:\\Users\\Vijaya\\AppData\\Local\\Temp\\';
    
        cur['java.library.path'] = 'C:\\Program Files (x86)\\Java\\jdk1.8.0_65\\bin;C:\\Windows\\Sun\\Java\\bin;C:\\Windows\\system32;C:\\Windows;C:\\ProgramData\\Oracle\\Java\\javapath;C:\\Windows\\system32;C:\\Windows;C:\\Windows\\System32\\Wbem;C:\\Windows\\System32\\WindowsPowerShell\\v1.0\\;C:\\Program Files\\TortoiseSVN\\bin;C:\\Program Files\\VisualSVN Server\\bin;C:\\Program Files\\Git\\cmd;C:\\Program Files (x86)\\Java\\jdk1.8.0_65\\bin;E:\\Vijaya-Softwares\\apache-ant-1.10.5-bin\\apache-ant-1.10.5\\bin;.';
    
        cur['java.runtime.name'] = 'Java(TM) SE Runtime Environment';
    
        cur['java.runtime.version'] = '1.8.0_65-b17';
    
        cur['java.specification.name'] = 'Java Platform API Specification';
    
        cur['java.specification.vendor'] = 'Oracle Corporation';
    
        cur['java.specification.version'] = '1.8';
    
        cur['java.vendor'] = 'Oracle Corporation';
    
        cur['java.vendor.url'] = 'http://java.oracle.com/';
    
        cur['java.vendor.url.bug'] = 'http://bugreport.sun.com/bugreport/';
    
        cur['java.version'] = '1.8.0_65';
    
        cur['java.vm.info'] = 'mixed mode';
    
        cur['java.vm.name'] = 'Java HotSpot(TM) Client VM';
    
        cur['java.vm.specification.name'] = 'Java Virtual Machine Specification';
    
        cur['java.vm.specification.vendor'] = 'Oracle Corporation';
    
        cur['java.vm.specification.version'] = '1.8';
    
        cur['java.vm.vendor'] = 'Oracle Corporation';
    
        cur['java.vm.version'] = '25.65-b01';
    
        cur['LIB'] = '../lib';
    
        cur['line.separator'] = '\r\n';
    
        cur['os.arch'] = 'x86';
    
        cur['os.name'] = 'Windows 7';
    
        cur['os.version'] = '6.1';
    
        cur['path.separator'] = ';';
    
        cur['RELEASE_ROOT'] = '..';
    
        cur['REPORT'] = '../report';
    
        cur['SRC'] = '../src';
    
        cur['sun.arch.data.model'] = '32';
    
        cur['sun.boot.class.path'] = 'C:\\Program Files (x86)\\Java\\jdk1.8.0_65\\jre\\lib\\resources.jar;C:\\Program Files (x86)\\Java\\jdk1.8.0_65\\jre\\lib\\rt.jar;C:\\Program Files (x86)\\Java\\jdk1.8.0_65\\jre\\lib\\sunrsasign.jar;C:\\Program Files (x86)\\Java\\jdk1.8.0_65\\jre\\lib\\jsse.jar;C:\\Program Files (x86)\\Java\\jdk1.8.0_65\\jre\\lib\\jce.jar;C:\\Program Files (x86)\\Java\\jdk1.8.0_65\\jre\\lib\\charsets.jar;C:\\Program Files (x86)\\Java\\jdk1.8.0_65\\jre\\lib\\jfr.jar;C:\\Program Files (x86)\\Java\\jdk1.8.0_65\\jre\\classes';
    
        cur['sun.boot.library.path'] = 'C:\\Program Files (x86)\\Java\\jdk1.8.0_65\\jre\\bin';
    
        cur['sun.cpu.endian'] = 'little';
    
        cur['sun.cpu.isalist'] = 'pentium_pro+mmx pentium_pro pentium+mmx pentium i486 i386 i86';
    
        cur['sun.desktop'] = 'windows';
    
        cur['sun.io.unicode.encoding'] = 'UnicodeLittle';
    
        cur['sun.java.command'] = 'org.apache.tools.ant.launch.Launcher -buildfile C:\\Users\\Vijaya\\Documents\\GitHub\\ParabankbankJunit\\src\\Copyofbuild.xml run-single-test';
    
        cur['sun.java.launcher'] = 'SUN_STANDARD';
    
        cur['sun.jnu.encoding'] = 'Cp1252';
    
        cur['sun.management.compiler'] = 'HotSpot Client Compiler';
    
        cur['sun.os.patch.level'] = 'Service Pack 1';
    
        cur['user.country'] = 'US';
    
        cur['user.dir'] = 'C:\\Users\\Vijaya\\.jenkins\\jobs\\GitHubIntegration\\workspace';
    
        cur['user.home'] = 'C:\\Users\\Vijaya';
    
        cur['user.language'] = 'en';
    
        cur['user.name'] = 'Vijaya';
    
        cur['user.script'] = '';
    
        cur['user.timezone'] = '';
    
        cur['user.variant'] = '';
    </script><script type="text/javascript" language="JavaScript">
        function displayProperties (name) {
          var win = window.open('','JUnitSystemProperties','scrollbars=1,resizable=1');
          var doc = win.document;
          doc.open();
          doc.write("<html><head><title>Properties of " + name + "</title>");
          doc.write("<style type=\"text/css\">");
          doc.write("body {font:normal 68% verdana,arial,helvetica; color:#000000; }");
          doc.write("table tr td, table tr th { font-size: 68%; }");
          doc.write("table.properties { border-collapse:collapse; border-left:solid 1 #cccccc; border-top:solid 1 #cccccc; padding:5px; }");
          doc.write("table.properties th { text-align:left; border-right:solid 1 #cccccc; border-bottom:solid 1 #cccccc; background-color:#eeeeee; }");
          doc.write("table.properties td { font:normal; text-align:left; border-right:solid 1 #cccccc; border-bottom:solid 1 #cccccc; background-color:#fffffff; }");
          doc.write("h3 { margin-bottom: 0.5em; font: bold 115% verdana,arial,helvetica }");
          doc.write("</style>");
          doc.write("</head><body>");
          doc.write("<h3>Properties of " + name + "</h3>");
          doc.write("<div align=\"right\"><a href=\"javascript:window.close();\">Close</a></div>");
          doc.write("<table class='properties'>");
          doc.write("<tr><th>Name</th><th>Value</th></tr>");
          for (prop in TestCases[name]) {
            doc.write("<tr><th>" + prop + "</th><td>" + TestCases[name][prop] + "</td></tr>");
          }
          doc.write("</table>");
          doc.write("</body></html>");
          doc.close();
          win.focus();
        }
      
      </script>
</head>
<body>
<h1>Unit Test Results.</h1>
<table width="100%">
<tr>
<td align="left"></td><td align="right">Designed for use with <a href="http://www.junit.org/">JUnit</a> and <a href="http://ant.apache.org/">Ant</a>.</td>
</tr>
</table>
<hr size="1">
<h3>Class CQGenerated.CQTestSuite</h3>
<table class="details" border="0" cellpadding="5" cellspacing="2" width="95%">
<tr valign="top">
<th width="80%">Name</th><th>Tests</th><th>Errors</th><th>Failures</th><th>Skipped</th><th nowrap>Time(s)</th><th nowrap>Time Stamp</th><th>Host</th>
</tr>
<tr valign="top" class="Error">
<td><a title="Display all tests" href="0_CQTestSuite.html">CQTestSuite</a></td><td><a title="Display all tests" href="0_CQTestSuite.html">5</a></td><td><a title="Display only errors" href="0_CQTestSuite-errors.html">3</a></td><td>0</td><td>0</td><td>54.207</td><td>2018-09-06T08:12:16</td><td>Vijaya-PC</td>
</tr>
</table>
<h2>Errors</h2>
<table class="details" border="0" cellpadding="5" cellspacing="2" width="95%">
<tr valign="top">
<th>Name</th><th>Status</th><th width="80%">Type</th><th nowrap>Time(s)</th>
</tr>
<tr valign="top" class="Error">
<td><a name="test"></a>test</td><td>Error</td><td>unknown error: unhandled inspector error: {"code":-32000,"message":"Cannot navigate to invalid URL"}
  (Session info: chrome=68.0.3440.106)
  (Driver info: chromedriver=2.41.578737 (49da6702b16031c40d63e5618de03a32ff6c197e),platform=Windows NT 6.1.7601 SP1 x86_64) (WARNING: The server did not provide any stacktrace information)
Command duration or timeout: 0 milliseconds
Build info: version: '3.14.0', revision: 'aacccce0', time: '2018-08-02T20:05:20.749Z'
System info: host: 'VIJAYA-PC', ip: '192.168.1.240', os.name: 'Windows 7', os.arch: 'x86', os.version: '6.1', java.version: '1.8.0_65'
Driver info: org.openqa.selenium.chrome.ChromeDriver
Capabilities {acceptInsecureCerts: false, acceptSslCerts: false, applicationCacheEnabled: false, browserConnectionEnabled: false, browserName: chrome, chrome: {chromedriverVersion: 2.41.578737 (49da6702b16031..., userDataDir: C:\Users\Vijaya\AppData\Loc...}, cssSelectorsEnabled: true, databaseEnabled: false, goog:chromeOptions: {debuggerAddress: localhost:63586}, handlesAlerts: true, hasTouchScreen: false, javascriptEnabled: true, locationContextEnabled: true, mobileEmulationEnabled: false, nativeEvents: true, networkConnectionEnabled: false, pageLoadStrategy: normal, platform: XP, platformName: XP, rotatable: false, setWindowRect: true, takesHeapSnapshot: true, takesScreenshot: true, unexpectedAlertBehaviour: , unhandledPromptBehavior: , version: 68.0.3440.106, webStorageEnabled: true}
Session ID: 1e6896d7748d226ba9e08ccd8733397e<br>
<br>
<code>org.openqa.selenium.WebDriverException: unknown error: unhandled inspector error: {"code":-32000,"message":"Cannot navigate to invalid URL"}<br>  (Session info: chrome=68.0.3440.106)<br>  (Driver info: chromedriver=2.41.578737 (49da6702b16031c40d63e5618de03a32ff6c197e),platform=Windows NT 6.1.7601 SP1 x86_64) (WARNING: The server did not provide any stacktrace information)<br>Command duration or timeout: 0 milliseconds<br>Build info: version: '3.14.0', revision: 'aacccce0', time: '2018-08-02T20:05:20.749Z'<br>System info: host: 'VIJAYA-PC', ip: '192.168.1.240', os.name: 'Windows 7', os.arch: 'x86', os.version: '6.1', java.version: '1.8.0_65'<br>Driver info: org.openqa.selenium.chrome.ChromeDriver<br>Capabilities {acceptInsecureCerts: false, acceptSslCerts: false, applicationCacheEnabled: false, browserConnectionEnabled: false, browserName: chrome, chrome: {chromedriverVersion: 2.41.578737 (49da6702b16031..., userDataDir: C:\Users\Vijaya\AppData\Loc...}, cssSelectorsEnabled: true, databaseEnabled: false, goog:chromeOptions: {debuggerAddress: localhost:63586}, handlesAlerts: true, hasTouchScreen: false, javascriptEnabled: true, locationContextEnabled: true, mobileEmulationEnabled: false, nativeEvents: true, networkConnectionEnabled: false, pageLoadStrategy: normal, platform: XP, platformName: XP, rotatable: false, setWindowRect: true, takesHeapSnapshot: true, takesScreenshot: true, unexpectedAlertBehaviour: , unhandledPromptBehavior: , version: 68.0.3440.106, webStorageEnabled: true}<br>Session ID: 1e6896d7748d226ba9e08ccd8733397e<br>	at java.lang.reflect.Constructor.newInstance(Constructor.java:422)<br>	at org.openqa.selenium.remote.ErrorHandler.createThrowable(ErrorHandler.java:214)<br>	at org.openqa.selenium.remote.ErrorHandler.throwIfResponseFailed(ErrorHandler.java:166)<br>	at org.openqa.selenium.remote.http.JsonHttpResponseCodec.reconstructValue(JsonHttpResponseCodec.java:40)<br>	at org.openqa.selenium.remote.http.AbstractHttpResponseCodec.decode(AbstractHttpResponseCodec.java:80)<br>	at org.openqa.selenium.remote.http.AbstractHttpResponseCodec.decode(AbstractHttpResponseCodec.java:44)<br>	at org.openqa.selenium.remote.HttpCommandExecutor.execute(HttpCommandExecutor.java:158)<br>	at org.openqa.selenium.remote.service.DriverCommandExecutor.execute(DriverCommandExecutor.java:83)<br>	at org.openqa.selenium.remote.RemoteWebDriver.execute(RemoteWebDriver.java:548)<br>	at org.openqa.selenium.remote.RemoteWebDriver.get(RemoteWebDriver.java:276)<br>	at CQGenerated.DefaultHarnessCodeImpl.performCQRecordenter_URL_Action(Unknown Source)<br>	at CQGenerated.testsuite.TestCase2.step1(Unknown Source)<br>	at CQGenerated.testsuite.TestCase2.test(Unknown Source)<br>
</code></td><td>10.105</td>
</tr>
<tr valign="top" class="Error">
<td><a name="test"></a>test</td><td>Error</td><td>unknown error: unhandled inspector error: {"code":-32000,"message":"Cannot navigate to invalid URL"}
  (Session info: chrome=68.0.3440.106)
  (Driver info: chromedriver=2.41.578737 (49da6702b16031c40d63e5618de03a32ff6c197e),platform=Windows NT 6.1.7601 SP1 x86_64) (WARNING: The server did not provide any stacktrace information)
Command duration or timeout: 0 milliseconds
Build info: version: '3.14.0', revision: 'aacccce0', time: '2018-08-02T20:05:20.749Z'
System info: host: 'VIJAYA-PC', ip: '192.168.1.240', os.name: 'Windows 7', os.arch: 'x86', os.version: '6.1', java.version: '1.8.0_65'
Driver info: org.openqa.selenium.chrome.ChromeDriver
Capabilities {acceptInsecureCerts: false, acceptSslCerts: false, applicationCacheEnabled: false, browserConnectionEnabled: false, browserName: chrome, chrome: {chromedriverVersion: 2.41.578737 (49da6702b16031..., userDataDir: C:\Users\Vijaya\AppData\Loc...}, cssSelectorsEnabled: true, databaseEnabled: false, goog:chromeOptions: {debuggerAddress: localhost:64382}, handlesAlerts: true, hasTouchScreen: false, javascriptEnabled: true, locationContextEnabled: true, mobileEmulationEnabled: false, nativeEvents: true, networkConnectionEnabled: false, pageLoadStrategy: normal, platform: XP, platformName: XP, rotatable: false, setWindowRect: true, takesHeapSnapshot: true, takesScreenshot: true, unexpectedAlertBehaviour: , unhandledPromptBehavior: , version: 68.0.3440.106, webStorageEnabled: true}
Session ID: 757ab8daf91a95ef1cbf1668780a4c89<br>
<br>
<code>org.openqa.selenium.WebDriverException: unknown error: unhandled inspector error: {"code":-32000,"message":"Cannot navigate to invalid URL"}<br>  (Session info: chrome=68.0.3440.106)<br>  (Driver info: chromedriver=2.41.578737 (49da6702b16031c40d63e5618de03a32ff6c197e),platform=Windows NT 6.1.7601 SP1 x86_64) (WARNING: The server did not provide any stacktrace information)<br>Command duration or timeout: 0 milliseconds<br>Build info: version: '3.14.0', revision: 'aacccce0', time: '2018-08-02T20:05:20.749Z'<br>System info: host: 'VIJAYA-PC', ip: '192.168.1.240', os.name: 'Windows 7', os.arch: 'x86', os.version: '6.1', java.version: '1.8.0_65'<br>Driver info: org.openqa.selenium.chrome.ChromeDriver<br>Capabilities {acceptInsecureCerts: false, acceptSslCerts: false, applicationCacheEnabled: false, browserConnectionEnabled: false, browserName: chrome, chrome: {chromedriverVersion: 2.41.578737 (49da6702b16031..., userDataDir: C:\Users\Vijaya\AppData\Loc...}, cssSelectorsEnabled: true, databaseEnabled: false, goog:chromeOptions: {debuggerAddress: localhost:64382}, handlesAlerts: true, hasTouchScreen: false, javascriptEnabled: true, locationContextEnabled: true, mobileEmulationEnabled: false, nativeEvents: true, networkConnectionEnabled: false, pageLoadStrategy: normal, platform: XP, platformName: XP, rotatable: false, setWindowRect: true, takesHeapSnapshot: true, takesScreenshot: true, unexpectedAlertBehaviour: , unhandledPromptBehavior: , version: 68.0.3440.106, webStorageEnabled: true}<br>Session ID: 757ab8daf91a95ef1cbf1668780a4c89<br>	at java.lang.reflect.Constructor.newInstance(Constructor.java:422)<br>	at org.openqa.selenium.remote.ErrorHandler.createThrowable(ErrorHandler.java:214)<br>	at org.openqa.selenium.remote.ErrorHandler.throwIfResponseFailed(ErrorHandler.java:166)<br>	at org.openqa.selenium.remote.http.JsonHttpResponseCodec.reconstructValue(JsonHttpResponseCodec.java:40)<br>	at org.openqa.selenium.remote.http.AbstractHttpResponseCodec.decode(AbstractHttpResponseCodec.java:80)<br>	at org.openqa.selenium.remote.http.AbstractHttpResponseCodec.decode(AbstractHttpResponseCodec.java:44)<br>	at org.openqa.selenium.remote.HttpCommandExecutor.execute(HttpCommandExecutor.java:158)<br>	at org.openqa.selenium.remote.service.DriverCommandExecutor.execute(DriverCommandExecutor.java:83)<br>	at org.openqa.selenium.remote.RemoteWebDriver.execute(RemoteWebDriver.java:548)<br>	at org.openqa.selenium.remote.RemoteWebDriver.get(RemoteWebDriver.java:276)<br>	at CQGenerated.DefaultHarnessCodeImpl.performCQRecordenter_URL_Action(Unknown Source)<br>	at CQGenerated.testsuite.TestCase3.step1(Unknown Source)<br>	at CQGenerated.testsuite.TestCase3.test(Unknown Source)<br>
</code></td><td>5.475</td>
</tr>
<tr valign="top" class="Error">
<td><a name="test"></a>test</td><td>Error</td><td>unknown error: unhandled inspector error: {"code":-32000,"message":"Cannot navigate to invalid URL"}
  (Session info: chrome=68.0.3440.106)
  (Driver info: chromedriver=2.41.578737 (49da6702b16031c40d63e5618de03a32ff6c197e),platform=Windows NT 6.1.7601 SP1 x86_64) (WARNING: The server did not provide any stacktrace information)
Command duration or timeout: 0 milliseconds
Build info: version: '3.14.0', revision: 'aacccce0', time: '2018-08-02T20:05:20.749Z'
System info: host: 'VIJAYA-PC', ip: '192.168.1.240', os.name: 'Windows 7', os.arch: 'x86', os.version: '6.1', java.version: '1.8.0_65'
Driver info: org.openqa.selenium.chrome.ChromeDriver
Capabilities {acceptInsecureCerts: false, acceptSslCerts: false, applicationCacheEnabled: false, browserConnectionEnabled: false, browserName: chrome, chrome: {chromedriverVersion: 2.41.578737 (49da6702b16031..., userDataDir: C:\Users\Vijaya\AppData\Loc...}, cssSelectorsEnabled: true, databaseEnabled: false, goog:chromeOptions: {debuggerAddress: localhost:64924}, handlesAlerts: true, hasTouchScreen: false, javascriptEnabled: true, locationContextEnabled: true, mobileEmulationEnabled: false, nativeEvents: true, networkConnectionEnabled: false, pageLoadStrategy: normal, platform: XP, platformName: XP, rotatable: false, setWindowRect: true, takesHeapSnapshot: true, takesScreenshot: true, unexpectedAlertBehaviour: , unhandledPromptBehavior: , version: 68.0.3440.106, webStorageEnabled: true}
Session ID: bdfc64b5212a7758a2cff9a7248614b5<br>
<br>
<code>org.openqa.selenium.WebDriverException: unknown error: unhandled inspector error: {"code":-32000,"message":"Cannot navigate to invalid URL"}<br>  (Session info: chrome=68.0.3440.106)<br>  (Driver info: chromedriver=2.41.578737 (49da6702b16031c40d63e5618de03a32ff6c197e),platform=Windows NT 6.1.7601 SP1 x86_64) (WARNING: The server did not provide any stacktrace information)<br>Command duration or timeout: 0 milliseconds<br>Build info: version: '3.14.0', revision: 'aacccce0', time: '2018-08-02T20:05:20.749Z'<br>System info: host: 'VIJAYA-PC', ip: '192.168.1.240', os.name: 'Windows 7', os.arch: 'x86', os.version: '6.1', java.version: '1.8.0_65'<br>Driver info: org.openqa.selenium.chrome.ChromeDriver<br>Capabilities {acceptInsecureCerts: false, acceptSslCerts: false, applicationCacheEnabled: false, browserConnectionEnabled: false, browserName: chrome, chrome: {chromedriverVersion: 2.41.578737 (49da6702b16031..., userDataDir: C:\Users\Vijaya\AppData\Loc...}, cssSelectorsEnabled: true, databaseEnabled: false, goog:chromeOptions: {debuggerAddress: localhost:64924}, handlesAlerts: true, hasTouchScreen: false, javascriptEnabled: true, locationContextEnabled: true, mobileEmulationEnabled: false, nativeEvents: true, networkConnectionEnabled: false, pageLoadStrategy: normal, platform: XP, platformName: XP, rotatable: false, setWindowRect: true, takesHeapSnapshot: true, takesScreenshot: true, unexpectedAlertBehaviour: , unhandledPromptBehavior: , version: 68.0.3440.106, webStorageEnabled: true}<br>Session ID: bdfc64b5212a7758a2cff9a7248614b5<br>	at java.lang.reflect.Constructor.newInstance(Constructor.java:422)<br>	at org.openqa.selenium.remote.ErrorHandler.createThrowable(ErrorHandler.java:214)<br>	at org.openqa.selenium.remote.ErrorHandler.throwIfResponseFailed(ErrorHandler.java:166)<br>	at org.openqa.selenium.remote.http.JsonHttpResponseCodec.reconstructValue(JsonHttpResponseCodec.java:40)<br>	at org.openqa.selenium.remote.http.AbstractHttpResponseCodec.decode(AbstractHttpResponseCodec.java:80)<br>	at org.openqa.selenium.remote.http.AbstractHttpResponseCodec.decode(AbstractHttpResponseCodec.java:44)<br>	at org.openqa.selenium.remote.HttpCommandExecutor.execute(HttpCommandExecutor.java:158)<br>	at org.openqa.selenium.remote.service.DriverCommandExecutor.execute(DriverCommandExecutor.java:83)<br>	at org.openqa.selenium.remote.RemoteWebDriver.execute(RemoteWebDriver.java:548)<br>	at org.openqa.selenium.remote.RemoteWebDriver.get(RemoteWebDriver.java:276)<br>	at CQGenerated.DefaultHarnessCodeImpl.performCQRecordenter_URL_Action(Unknown Source)<br>	at CQGenerated.testsuite.TestCase4.step1(Unknown Source)<br>	at CQGenerated.testsuite.TestCase4.test(Unknown Source)<br>
</code></td><td>7.499</td>
</tr>
</table>
<div class="Properties">
<a href="javascript:displayProperties('CQGenerated.CQTestSuite');">
                    Properties &raquo;
                </a>
</div>
<div class="Properties">
<a href="./0_CQTestSuite-out.html">
                        System.out &raquo;
                    </a>
</div>
<div class="Properties">
<a href="./0_CQTestSuite-err.html">
                        System.err &raquo;
                    </a>
</div>
</body>
</html>
